<?xml version="1.0" encoding="UTF-8"?>
<!-- Generated by org.testng.reporters.JUnitReportReporter -->
<testsuite hostname="administrator-Lenovo-E41-55" failures="0" tests="1" name="Mobile_Testing.Appium.Appium_Basic" time="119.047" errors="0" timestamp="2023-06-03T10:49:20 IST" skipped="0">
  <testcase classname="Mobile_Testing.Appium.Appium_Basic" name="Appium_Start" time="119.047"/>
  <system-out/>
</testsuite> <!-- Mobile_Testing.Appium.Appium_Basic -->
