<?xml version="1.0" encoding="UTF-8"?>
<!-- Generated by org.testng.reporters.JUnitReportReporter -->
<testsuite hostname="administrator-Lenovo-E41-55" failures="0" tests="1" name="Mobile_Testing.Appium.Scroll_Appium" time="157.088" errors="0" timestamp="2023-06-14T02:58:56 IST" skipped="0">
  <testcase classname="Mobile_Testing.Appium.Scroll_Appium" name="Scroll_Action" time="157.088"/>
  <system-out/>
</testsuite> <!-- Mobile_Testing.Appium.Scroll_Appium -->
