<?xml version="1.0" encoding="UTF-8"?>
<!-- Generated by org.testng.reporters.JUnitReportReporter -->
<testsuite hostname="APMOSYSLT0446" failures="0" tests="1" name="Mobile_Testing.Appium.Drag_Drop_Appium" time="390.559" errors="0" timestamp="2023-10-27T17:34:51 IST" skipped="0">
  <testcase classname="Mobile_Testing.Appium.Drag_Drop_Appium" name="Drag_Drop" time="390.559"/>
</testsuite> <!-- Mobile_Testing.Appium.Drag_Drop_Appium -->
