<?xml version="1.0" encoding="UTF-8"?>
<!-- Generated by org.testng.reporters.JUnitReportReporter -->
<testsuite hostname="administrator-Lenovo-E41-55" failures="0" tests="1" name="Tests.BaseClass" time="0.010" errors="0" timestamp="2023-06-06T15:41:32 IST" skipped="0">
  <testcase classname="Tests.BaseClass" name="Testcase" time="0.010"/>
  <system-out/>
</testsuite> <!-- Tests.BaseClass -->
