<?xml version="1.0" encoding="UTF-8"?>
<!-- Generated by org.testng.reporters.JUnitReportReporter -->
<testsuite hostname="administrator-Lenovo-E41-55" failures="0" tests="1" name="Mobile_Testing.Appium.Appium_Messages" time="21.904" errors="0" timestamp="2023-06-05T12:11:21 IST" skipped="0">
  <testcase classname="Mobile_Testing.Appium.Appium_Messages" name="Messages" time="21.904"/>
  <system-out/>
</testsuite> <!-- Mobile_Testing.Appium.Appium_Messages -->
