<?xml version="1.0" encoding="UTF-8"?>
<!-- Generated by org.testng.reporters.JUnitReportReporter -->
<testsuite hostname="administrator-Lenovo-E41-55" failures="0" tests="1" name="Mobile_Testing.Appium.LongPress_Appium" time="71.947" errors="0" timestamp="2023-06-13T01:33:29 IST" skipped="0">
  <testcase classname="Mobile_Testing.Appium.LongPress_Appium" name="Long_Press" time="71.947"/>
  <system-out/>
</testsuite> <!-- Mobile_Testing.Appium.LongPress_Appium -->
