<?xml version="1.0" encoding="UTF-8"?>
<!-- Generated by org.testng.reporters.JUnitReportReporter -->
<testsuite hostname="administrator-Lenovo-E41-55" failures="0" tests="1" name="Mobile_Testing.Appium.Landscape_Appium" time="9.539" errors="1" timestamp="2023-07-04T15:15:45 IST" skipped="0">
  <testcase classname="Mobile_Testing.Appium.Landscape_Appium" name="landscape_Appium" time="9.539">
    <error message="Could not start a new session. Response code 500. Message: An unknown server-side error occurred while processing the command. Original error: Cannot start the &#039;in.amazon.mShop.android.shopping&#039; application. Visit https://github.com/appium/appium/blob/master/docs/en/writing-running-appium/android/activity-startup.md for troubleshooting. Original error: Error executing adbExec. Original error: &#039;Command &#039;/home/apmosys/Android/Sdk/platform-tools/adb -P 5037 -s 100aa5bf shell am start -W -n in.amazon.mShop.android.shopping/com.amazon.mShop.navigation.MainActivity -S&#039; exited with code 255&#039;; Stderr: &#039;Security exception: Permission Denial: starting Intent { flg=0x10000000 cmp=in.amazon.mShop.android.shopping/com.amazon.mShop.navigation.MainActivity } from null (pid=23727, uid=2000) not exported from uid 10169

java.lang.SecurityException: Permission Denial: starting Intent { flg=0x10000000 cmp=in.amazon.mShop.android.shopping/com.amazon.mShop.navigation.MainActivity } from null (pid=23727, uid=2000) not exported from uid 10169
	at com.android.server.wm.ActivityStackSupervisor.checkStartAnyActivityPermission(ActivityStackSupervisor.java:1089)
	at com.android.server.wm.ActivityStarter.startActivity(ActivityStarter.java:789)
	at com.android.server.wm.ActivityStarter.startActivity(ActivityStarter.java:588)
	at com.android.server.wm.ActivityStarter.startActivityMayWait(ActivityStarter.java:1390)
	at com.android.server.wm.ActivityStarter.execute(ActivityStarter.java:519)
	at com.android.server.wm.ActivityTaskManagerService.startActivityAndWait(ActivityTaskManagerService.java:1281)
	at com.android.server.am.ActivityManagerService.startActivityAndWait(ActivityManagerService.java:3581)
	at com.android.server.am.ActivityManagerShellCommand.runStartActivity(ActivityManagerShellCommand.java:515)
	at com.android.server.am.ActivityManagerShellCommand.onCommand(ActivityManagerShellCommand.java:172)
	at android.os.ShellCommand.exec(ShellCommand.java:111)
	at com.android.server.am.ActivityManagerService.onShellCommand(ActivityManagerService.java:10098)
	at android.os.Binder.shellCommand(Binder.java:881)
	at android.os.Binder.onTransact(Binder.java:765)
	at android.app.IActivityManager$Stub.onTransact(IActivityManager.java:4727)
	at com.android.server.am.ActivityManagerService.onTransact(ActivityManagerService.java:2799)
	at android.os.Binder.execTransactInternal(Binder.java:1021)
	at android.os.Binder.execTransact(Binder.java:994)&#039;; Code: &#039;255&#039; 
Host info: host: &#039;administrator-Lenovo-E41-55&#039;, ip: &#039;127.0.1.1&#039;
Build info: version: &#039;4.10.0&#039;, revision: &#039;c14d967899&#039;
System info: os.name: &#039;Linux&#039;, os.arch: &#039;amd64&#039;, os.version: &#039;5.15.0-75-generic&#039;, java.version: &#039;17.0.6&#039;
Driver info: io.appium.java_client.android.AndroidDriver
Command: [null, newSession {capabilities=[{appium:appActivity=com.amazon.mShop.navigation.MainActivity, appium:appPackage=in.amazon.mShop.android.shopping, appium:deviceName=Redmi Note7S, platformName=ANDROID, appium:platformVersion=10, appium:udid=100aa5bf}], desiredCapabilities=Capabilities {appActivity: com.amazon.mShop.navigation..., appPackage: in.amazon.mShop.android.sho..., deviceName: Redmi Note7S, platformName: ANDROID, platformVersion: 10, udid: 100aa5bf}}]
Capabilities {appActivity: com.amazon.mShop.navigation..., appPackage: in.amazon.mShop.android.sho..., deviceName: Redmi Note7S, platformName: ANDROID, platformVersion: 10, udid: 100aa5bf}" type="org.openqa.selenium.SessionNotCreatedException">
      <![CDATA[org.openqa.selenium.SessionNotCreatedException: Could not start a new session. Response code 500. Message: An unknown server-side error occurred while processing the command. Original error: Cannot start the 'in.amazon.mShop.android.shopping' application. Visit https://github.com/appium/appium/blob/master/docs/en/writing-running-appium/android/activity-startup.md for troubleshooting. Original error: Error executing adbExec. Original error: 'Command '/home/apmosys/Android/Sdk/platform-tools/adb -P 5037 -s 100aa5bf shell am start -W -n in.amazon.mShop.android.shopping/com.amazon.mShop.navigation.MainActivity -S' exited with code 255'; Stderr: 'Security exception: Permission Denial: starting Intent { flg=0x10000000 cmp=in.amazon.mShop.android.shopping/com.amazon.mShop.navigation.MainActivity } from null (pid=23727, uid=2000) not exported from uid 10169

java.lang.SecurityException: Permission Denial: starting Intent { flg=0x10000000 cmp=in.amazon.mShop.android.shopping/com.amazon.mShop.navigation.MainActivity } from null (pid=23727, uid=2000) not exported from uid 10169
at com.android.server.wm.ActivityStackSupervisor.checkStartAnyActivityPermission(ActivityStackSupervisor.java:1089)
at com.android.server.wm.ActivityStarter.startActivity(ActivityStarter.java:789)
at com.android.server.wm.ActivityStarter.startActivity(ActivityStarter.java:588)
at com.android.server.wm.ActivityStarter.startActivityMayWait(ActivityStarter.java:1390)
at com.android.server.wm.ActivityStarter.execute(ActivityStarter.java:519)
at com.android.server.wm.ActivityTaskManagerService.startActivityAndWait(ActivityTaskManagerService.java:1281)
at com.android.server.am.ActivityManagerService.startActivityAndWait(ActivityManagerService.java:3581)
at com.android.server.am.ActivityManagerShellCommand.runStartActivity(ActivityManagerShellCommand.java:515)
at com.android.server.am.ActivityManagerShellCommand.onCommand(ActivityManagerShellCommand.java:172)
at android.os.ShellCommand.exec(ShellCommand.java:111)
at com.android.server.am.ActivityManagerService.onShellCommand(ActivityManagerService.java:10098)
at android.os.Binder.shellCommand(Binder.java:881)
at android.os.Binder.onTransact(Binder.java:765)
at android.app.IActivityManager$Stub.onTransact(IActivityManager.java:4727)
at com.android.server.am.ActivityManagerService.onTransact(ActivityManagerService.java:2799)
at android.os.Binder.execTransactInternal(Binder.java:1021)
at android.os.Binder.execTransact(Binder.java:994)'; Code: '255' 
Host info: host: 'administrator-Lenovo-E41-55', ip: '127.0.1.1'
Build info: version: '4.10.0', revision: 'c14d967899'
System info: os.name: 'Linux', os.arch: 'amd64', os.version: '5.15.0-75-generic', java.version: '17.0.6'
Driver info: io.appium.java_client.android.AndroidDriver
Command: [null, newSession {capabilities=[{appium:appActivity=com.amazon.mShop.navigation.MainActivity, appium:appPackage=in.amazon.mShop.android.shopping, appium:deviceName=Redmi Note7S, platformName=ANDROID, appium:platformVersion=10, appium:udid=100aa5bf}], desiredCapabilities=Capabilities {appActivity: com.amazon.mShop.navigation..., appPackage: in.amazon.mShop.android.sho..., deviceName: Redmi Note7S, platformName: ANDROID, platformVersion: 10, udid: 100aa5bf}}]
Capabilities {appActivity: com.amazon.mShop.navigation..., appPackage: in.amazon.mShop.android.sho..., deviceName: Redmi Note7S, platformName: ANDROID, platformVersion: 10, udid: 100aa5bf}
at org.openqa.selenium.remote.ProtocolHandshake.createSession(ProtocolHandshake.java:140)
at java.base/jdk.internal.reflect.NativeMethodAccessorImpl.invoke0(Native Method)
at java.base/jdk.internal.reflect.NativeMethodAccessorImpl.invoke(NativeMethodAccessorImpl.java:77)
at java.base/jdk.internal.reflect.DelegatingMethodAccessorImpl.invoke(DelegatingMethodAccessorImpl.java:43)
at java.base/java.lang.reflect.Method.invoke(Method.java:568)
at io.appium.java_client.remote.AppiumProtocolHandshake.createSession(AppiumProtocolHandshake.java:133)
at io.appium.java_client.remote.AppiumProtocolHandshake.createSession(AppiumProtocolHandshake.java:102)
at io.appium.java_client.remote.AppiumCommandExecutor.createSession(AppiumCommandExecutor.java:182)
at io.appium.java_client.remote.AppiumCommandExecutor.execute(AppiumCommandExecutor.java:250)
at org.openqa.selenium.remote.RemoteWebDriver.execute(RemoteWebDriver.java:531)
at io.appium.java_client.AppiumDriver.startSession(AppiumDriver.java:274)
at org.openqa.selenium.remote.RemoteWebDriver.<init>(RemoteWebDriver.java:154)
at io.appium.java_client.AppiumDriver.<init>(AppiumDriver.java:89)
at io.appium.java_client.AppiumDriver.<init>(AppiumDriver.java:101)
at io.appium.java_client.android.AndroidDriver.<init>(AndroidDriver.java:113)
at Mobile_Testing.Appium.Landscape_Appium.landscape_Appium(Landscape_Appium.java:42)
at java.base/jdk.internal.reflect.NativeMethodAccessorImpl.invoke0(Native Method)
at java.base/jdk.internal.reflect.NativeMethodAccessorImpl.invoke(NativeMethodAccessorImpl.java:77)
at java.base/jdk.internal.reflect.DelegatingMethodAccessorImpl.invoke(DelegatingMethodAccessorImpl.java:43)
at java.base/java.lang.reflect.Method.invoke(Method.java:568)
at org.testng.internal.MethodInvocationHelper.invokeMethod(MethodInvocationHelper.java:133)
at org.testng.internal.TestInvoker.invokeMethod(TestInvoker.java:598)
at org.testng.internal.TestInvoker.invokeTestMethod(TestInvoker.java:173)
at org.testng.internal.MethodRunner.runInSequence(MethodRunner.java:46)
at org.testng.internal.TestInvoker$MethodInvocationAgent.invoke(TestInvoker.java:824)
at org.testng.internal.TestInvoker.invokeTestMethods(TestInvoker.java:146)
at org.testng.internal.TestMethodWorker.invokeTestMethods(TestMethodWorker.java:146)
at org.testng.internal.TestMethodWorker.run(TestMethodWorker.java:128)
at java.base/java.util.ArrayList.forEach(ArrayList.java:1511)
at org.testng.TestRunner.privateRun(TestRunner.java:794)
at org.testng.TestRunner.run(TestRunner.java:596)
at org.testng.SuiteRunner.runTest(SuiteRunner.java:377)
at org.testng.SuiteRunner.runSequentially(SuiteRunner.java:371)
at org.testng.SuiteRunner.privateRun(SuiteRunner.java:332)
at org.testng.SuiteRunner.run(SuiteRunner.java:276)
at org.testng.SuiteRunnerWorker.runSuite(SuiteRunnerWorker.java:53)
at org.testng.SuiteRunnerWorker.run(SuiteRunnerWorker.java:96)
at org.testng.TestNG.runSuitesSequentially(TestNG.java:1212)
at org.testng.TestNG.runSuitesLocally(TestNG.java:1134)
at org.testng.TestNG.runSuites(TestNG.java:1063)
at org.testng.TestNG.run(TestNG.java:1031)
at org.testng.remote.AbstractRemoteTestNG.run(AbstractRemoteTestNG.java:115)
at org.testng.remote.RemoteTestNG.initAndRun(RemoteTestNG.java:251)
at org.testng.remote.RemoteTestNG.main(RemoteTestNG.java:77)
]]>
    </error>
  </testcase> <!-- landscape_Appium -->
  <system-out/>
</testsuite> <!-- Mobile_Testing.Appium.Landscape_Appium -->
