<?xml version="1.0" encoding="UTF-8"?>
<!-- Generated by org.testng.reporters.JUnitReportReporter -->
<testsuite hostname="administrator-Lenovo-E41-55" failures="0" tests="1" name="Mobile_Testing.Appium.swipe_Appium" time="195.495" errors="0" timestamp="2023-06-14T01:00:46 IST" skipped="0">
  <testcase classname="Mobile_Testing.Appium.swipe_Appium" name="Swipe_Appium" time="195.495"/>
  <system-out/>
</testsuite> <!-- Mobile_Testing.Appium.swipe_Appium -->
