<?xml version="1.0" encoding="UTF-8"?>
<!-- Generated by org.testng.reporters.JUnitReportReporter -->
<testsuite hostname="administrator-Lenovo-E41-55" failures="0" tests="1" name="Mobile_Testing.Appium.Dialer_Deepak" time="202.097" errors="0" timestamp="2023-06-03T15:43:16 IST" skipped="0">
  <testcase classname="Mobile_Testing.Appium.Dialer_Deepak" name="Dialer" time="202.097"/>
  <system-out/>
</testsuite> <!-- Mobile_Testing.Appium.Dialer_Deepak -->
